# JRE version: OpenJDK Runtime Environment (11.0.7+10) (build 11.0.7+10-post-Ubuntu-2ubuntu218.04)
# Java VM: OpenJDK 64-Bit Server VM (11.0.7+10-post-Ubuntu-2ubuntu218.04, mixed mode, sharing, tiered, compressed oops, serial gc, linux-amd64)
Heap:
 def new generation   total 56128K, used 0K [0x0000000080000000, 0x0000000083ce0000, 0x00000000aaaa0000)
  eden space 49920K,   0% used [0x0000000080000000, 0x0000000080000000, 0x00000000830c0000)
  from space 6208K,   0% used [0x00000000836d0000, 0x00000000836d0000, 0x0000000083ce0000)
  to   space 6208K,   0% used [0x00000000830c0000, 0x00000000830c0000, 0x00000000836d0000)
 tenured generation   total 126476K, used 122007K [0x00000000aaaa0000, 0x00000000b2623000, 0x0000000100000000)
   the space 126476K,  96% used [0x00000000aaaa0000, 0x00000000b21c5c48, 0x00000000b21c5e00, 0x00000000b2623000)
 Metaspace       used 1043K, capacity 4856K, committed 5120K, reserved 1056768K
  class space    used 71K, capacity 428K, committed 512K, reserved 1048576K
GC Heap History (20 events):
Event: 5.829 GC heap after
{Heap after GC invocations=24 (full 5):
 def new generation   total 56128K, used 6208K [0x0000000080000000, 0x0000000083ce0000, 0x00000000aaaa0000)
  eden space 49920K,   0% used [0x0000000080000000, 0x0000000080000000, 0x00000000830c0000)
  from space 6208K, 100% used [0x00000000836d0000, 0x0000000083ce0000, 0x0000000083ce0000)
  to   space 6208K,   0% used [0x00000000830c0000, 0x00000000830c0000, 0x00000000836d0000)
 tenured generation   total 124556K, used 76794K [0x00000000aaaa0000, 0x00000000b2443000, 0x0000000100000000)
   the space 124556K,  61% used [0x00000000aaaa0000, 0x00000000af59e9a0, 0x00000000af59ea00, 0x00000000b2443000)
 Metaspace       used 1043K, capacity 4856K, committed 5120K, reserved 1056768K
  class space    used 71K, capacity 428K, committed 512K, reserved 1048576K
}
Event: 5.981 GC heap before
{Heap before GC invocations=24 (full 5):
 def new generation   total 56128K, used 56128K [0x0000000080000000, 0x0000000083ce0000, 0x00000000aaaa0000)
  eden space 49920K, 100% used [0x0000000080000000, 0x00000000830c0000, 0x00000000830c0000)
  from space 6208K, 100% used [0x00000000836d0000, 0x0000000083ce0000, 0x0000000083ce0000)
  to   space 6208K,   0% used [0x00000000830c0000, 0x00000000830c0000, 0x00000000836d0000)
 tenured generation   total 124556K, used 76794K [0x00000000aaaa0000, 0x00000000b2443000, 0x0000000100000000)
   the space 124556K,  61% used [0x00000000aaaa0000, 0x00000000af59e9a0, 0x00000000af59ea00, 0x00000000b2443000)
 Metaspace       used 1043K, capacity 4856K, committed 5120K, reserved 1056768K
  class space    used 71K, capacity 428K, committed 512K, reserved 1048576K
}
Event: 6.006 GC heap after
{Heap after GC invocations=25 (full 5):
 def new generation   total 56128K, used 3470K [0x0000000080000000, 0x0000000083ce0000, 0x00000000aaaa0000)
  eden space 49920K,   0% used [0x0000000080000000, 0x0000000080000000, 0x00000000830c0000)
  from space 6208K,  55% used [0x00000000830c0000, 0x0000000083423bf8, 0x00000000836d0000)
  to   space 6208K,   0% used [0x00000000836d0000, 0x00000000836d0000, 0x0000000083ce0000)
 tenured generation   total 124556K, used 83002K [0x00000000aaaa0000, 0x00000000b2443000, 0x0000000100000000)
   the space 124556K,  66% used [0x00000000aaaa0000, 0x00000000afbae938, 0x00000000afbaea00, 0x00000000b2443000)
 Metaspace       used 1043K, capacity 4856K, committed 5120K, reserved 1056768K
  class space    used 71K, capacity 428K, committed 512K, reserved 1048576K
}
Event: 6.134 GC heap before
{Heap before GC invocations=25 (full 5):
 def new generation   total 56128K, used 53390K [0x0000000080000000, 0x0000000083ce0000, 0x00000000aaaa0000)
  eden space 49920K, 100% used [0x0000000080000000, 0x00000000830c0000, 0x00000000830c0000)
  from space 6208K,  55% used [0x00000000830c0000, 0x0000000083423bf8, 0x00000000836d0000)
  to   space 6208K,   0% used [0x00000000836d0000, 0x00000000836d0000, 0x0000000083ce0000)
 tenured generation   total 124556K, used 83002K [0x00000000aaaa0000, 0x00000000b2443000, 0x0000000100000000)
   the space 124556K,  66% used [0x00000000aaaa0000, 0x00000000afbae938, 0x00000000afbaea00, 0x00000000b2443000)
 Metaspace       used 1043K, capacity 4856K, committed 5120K, reserved 1056768K
  class space    used 71K, capacity 428K, committed 512K, reserved 1048576K
}
Event: 6.156 GC heap after
{Heap after GC invocations=26 (full 5):
 def new generation   total 56128K, used 3548K [0x0000000080000000, 0x0000000083ce0000, 0x00000000aaaa0000)
  eden space 49920K,   0% used [0x0000000080000000, 0x0000000080000000, 0x00000000830c0000)
  from space 6208K,  57% used [0x00000000836d0000, 0x0000000083a47128, 0x0000000083ce0000)
  to   space 6208K,   0% used [0x00000000830c0000, 0x00000000830c0000, 0x00000000836d0000)
 tenured generation   total 124556K, used 86472K [0x00000000aaaa0000, 0x00000000b2443000, 0x0000000100000000)
   the space 124556K,  69% used [0x00000000aaaa0000, 0x00000000aff123c8, 0x00000000aff12400, 0x00000000b2443000)
 Metaspace       used 1043K, capacity 4856K, committed 5120K, reserved 1056768K
  class space    used 71K, capacity 428K, committed 512K, reserved 1048576K
}
Event: 6.288 GC heap before
{Heap before GC invocations=26 (full 5):
 def new generation   total 56128K, used 53468K [0x0000000080000000, 0x0000000083ce0000, 0x00000000aaaa0000)
  eden space 49920K, 100% used [0x0000000080000000, 0x00000000830c0000, 0x00000000830c0000)
  from space 6208K,  57% used [0x00000000836d0000, 0x0000000083a47128, 0x0000000083ce0000)
  to   space 6208K,   0% used [0x00000000830c0000, 0x00000000830c0000, 0x00000000836d0000)
 tenured generation   total 124556K, used 86472K [0x00000000aaaa0000, 0x00000000b2443000, 0x0000000100000000)
   the space 124556K,  69% used [0x00000000aaaa0000, 0x00000000aff123c8, 0x00000000aff12400, 0x00000000b2443000)
 Metaspace       used 1043K, capacity 4856K, committed 5120K, reserved 1056768K
  class space    used 71K, capacity 428K, committed 512K, reserved 1048576K
}
Event: 6.317 GC heap after
{Heap after GC invocations=27 (full 5):
 def new generation   total 56128K, used 3562K [0x0000000080000000, 0x0000000083ce0000, 0x00000000aaaa0000)
  eden space 49920K,   0% used [0x0000000080000000, 0x0000000080000000, 0x00000000830c0000)
  from space 6208K,  57% used [0x00000000830c0000, 0x000000008343aaf0, 0x00000000836d0000)
  to   space 6208K,   0% used [0x00000000836d0000, 0x00000000836d0000, 0x0000000083ce0000)
 tenured generation   total 124556K, used 90021K [0x00000000aaaa0000, 0x00000000b2443000, 0x0000000100000000)
   the space 124556K,  72% used [0x00000000aaaa0000, 0x00000000b0289468, 0x00000000b0289600, 0x00000000b2443000)
 Metaspace       used 1043K, capacity 4856K, committed 5120K, reserved 1056768K
  class space    used 71K, capacity 428K, committed 512K, reserved 1048576K
}
Event: 6.438 GC heap before
{Heap before GC invocations=27 (full 5):
 def new generation   total 56128K, used 53482K [0x0000000080000000, 0x0000000083ce0000, 0x00000000aaaa0000)
  eden space 49920K, 100% used [0x0000000080000000, 0x00000000830c0000, 0x00000000830c0000)
  from space 6208K,  57% used [0x00000000830c0000, 0x000000008343aaf0, 0x00000000836d0000)
  to   space 6208K,   0% used [0x00000000836d0000, 0x00000000836d0000, 0x0000000083ce0000)
 tenured generation   total 124556K, used 90021K [0x00000000aaaa0000, 0x00000000b2443000, 0x0000000100000000)
   the space 124556K,  72% used [0x00000000aaaa0000, 0x00000000b0289468, 0x00000000b0289600, 0x00000000b2443000)
 Metaspace       used 1043K, capacity 4856K, committed 5120K, reserved 1056768K
  class space    used 71K, capacity 428K, committed 512K, reserved 1048576K
}
Event: 6.467 GC heap after
{Heap after GC invocations=28 (full 5):
 def new generation   total 56128K, used 6208K [0x0000000080000000, 0x0000000083ce0000, 0x00000000aaaa0000)
  eden space 49920K,   0% used [0x0000000080000000, 0x0000000080000000, 0x00000000830c0000)
  from space 6208K, 100% used [0x00000000836d0000, 0x0000000083ce0000, 0x0000000083ce0000)
  to   space 6208K,   0% used [0x00000000830c0000, 0x00000000830c0000, 0x00000000836d0000)
 tenured generation   total 124556K, used 95546K [0x00000000aaaa0000, 0x00000000b2443000, 0x0000000100000000)
   the space 124556K,  76% used [0x00000000aaaa0000, 0x00000000b07ee8a0, 0x00000000b07eea00, 0x00000000b2443000)
 Metaspace       used 1043K, capacity 4856K, committed 5120K, reserved 1056768K
  class space    used 71K, capacity 428K, committed 512K, reserved 1048576K
}
Event: 6.595 GC heap before
{Heap before GC invocations=28 (full 5):
 def new generation   total 56128K, used 56128K [0x0000000080000000, 0x0000000083ce0000, 0x00000000aaaa0000)
  eden space 49920K, 100% used [0x0000000080000000, 0x00000000830c0000, 0x00000000830c0000)
  from space 6208K, 100% used [0x00000000836d0000, 0x0000000083ce0000, 0x0000000083ce0000)
  to   space 6208K,   0% used [0x00000000830c0000, 0x00000000830c0000, 0x00000000836d0000)
 tenured generation   total 124556K, used 95546K [0x00000000aaaa0000, 0x00000000b2443000, 0x0000000100000000)
   the space 124556K,  76% used [0x00000000aaaa0000, 0x00000000b07ee8a0, 0x00000000b07eea00, 0x00000000b2443000)
 Metaspace       used 1043K, capacity 4856K, committed 5120K, reserved 1056768K
  class space    used 71K, capacity 428K, committed 512K, reserved 1048576K
}
Event: 6.624 GC heap after
{Heap after GC invocations=29 (full 5):
 def new generation   total 56128K, used 3508K [0x0000000080000000, 0x0000000083ce0000, 0x00000000aaaa0000)
  eden space 49920K,   0% used [0x0000000080000000, 0x0000000080000000, 0x00000000830c0000)
  from space 6208K,  56% used [0x00000000830c0000, 0x000000008342d180, 0x00000000836d0000)
  to   space 6208K,   0% used [0x00000000836d0000, 0x00000000836d0000, 0x0000000083ce0000)
 tenured generation   total 124556K, used 101754K [0x00000000aaaa0000, 0x00000000b2443000, 0x0000000100000000)
   the space 124556K,  81% used [0x00000000aaaa0000, 0x00000000b0dfe850, 0x00000000b0dfea00, 0x00000000b2443000)
 Metaspace       used 1043K, capacity 4856K, committed 5120K, reserved 1056768K
  class space    used 71K, capacity 428K, committed 512K, reserved 1048576K
}
Event: 6.775 GC heap before
{Heap before GC invocations=29 (full 5):
 def new generation   total 56128K, used 53428K [0x0000000080000000, 0x0000000083ce0000, 0x00000000aaaa0000)
  eden space 49920K, 100% used [0x0000000080000000, 0x00000000830c0000, 0x00000000830c0000)
  from space 6208K,  56% used [0x00000000830c0000, 0x000000008342d180, 0x00000000836d0000)
  to   space 6208K,   0% used [0x00000000836d0000, 0x00000000836d0000, 0x0000000083ce0000)
 tenured generation   total 124556K, used 101754K [0x00000000aaaa0000, 0x00000000b2443000, 0x0000000100000000)
   the space 124556K,  81% used [0x00000000aaaa0000, 0x00000000b0dfe850, 0x00000000b0dfea00, 0x00000000b2443000)
 Metaspace       used 1043K, capacity 4856K, committed 5120K, reserved 1056768K
  class space    used 71K, capacity 428K, committed 512K, reserved 1048576K
}
Event: 6.797 GC heap after
{Heap after GC invocations=30 (full 5):
 def new generation   total 56128K, used 3658K [0x0000000080000000, 0x0000000083ce0000, 0x00000000aaaa0000)
  eden space 49920K,   0% used [0x0000000080000000, 0x0000000080000000, 0x00000000830c0000)
  from space 6208K,  58% used [0x00000000836d0000, 0x0000000083a62930, 0x0000000083ce0000)
  to   space 6208K,   0% used [0x00000000830c0000, 0x00000000830c0000, 0x00000000836d0000)
 tenured generation   total 124556K, used 105262K [0x00000000aaaa0000, 0x00000000b2443000, 0x0000000100000000)
   the space 124556K,  84% used [0x00000000aaaa0000, 0x00000000b116b998, 0x00000000b116ba00, 0x00000000b2443000)
 Metaspace       used 1043K, capacity 4856K, committed 5120K, reserved 1056768K
  class space    used 71K, capacity 428K, committed 512K, reserved 1048576K
}
Event: 6.932 GC heap before
{Heap before GC invocations=30 (full 5):
 def new generation   total 56128K, used 53578K [0x0000000080000000, 0x0000000083ce0000, 0x00000000aaaa0000)
  eden space 49920K, 100% used [0x0000000080000000, 0x00000000830c0000, 0x00000000830c0000)
  from space 6208K,  58% used [0x00000000836d0000, 0x0000000083a62930, 0x0000000083ce0000)
  to   space 6208K,   0% used [0x00000000830c0000, 0x00000000830c0000, 0x00000000836d0000)
 tenured generation   total 124556K, used 105262K [0x00000000aaaa0000, 0x00000000b2443000, 0x0000000100000000)
   the space 124556K,  84% used [0x00000000aaaa0000, 0x00000000b116b998, 0x00000000b116ba00, 0x00000000b2443000)
 Metaspace       used 1043K, capacity 4856K, committed 5120K, reserved 1056768K
  class space    used 71K, capacity 428K, committed 512K, reserved 1048576K
}
Event: 6.959 GC heap after
{Heap after GC invocations=31 (full 5):
 def new generation   total 56128K, used 3579K [0x0000000080000000, 0x0000000083ce0000, 0x00000000aaaa0000)
  eden space 49920K,   0% used [0x0000000080000000, 0x0000000080000000, 0x00000000830c0000)
  from space 6208K,  57% used [0x00000000830c0000, 0x000000008343ec88, 0x00000000836d0000)
  to   space 6208K,   0% used [0x00000000836d0000, 0x00000000836d0000, 0x0000000083ce0000)
 tenured generation   total 124556K, used 108920K [0x00000000aaaa0000, 0x00000000b2443000, 0x0000000100000000)
   the space 124556K,  87% used [0x00000000aaaa0000, 0x00000000b14fe210, 0x00000000b14fe400, 0x00000000b2443000)
 Metaspace       used 1043K, capacity 4856K, committed 5120K, reserved 1056768K
  class space    used 71K, capacity 428K, committed 512K, reserved 1048576K
}
Event: 7.096 GC heap before
{Heap before GC invocations=31 (full 5):
 def new generation   total 56128K, used 53499K [0x0000000080000000, 0x0000000083ce0000, 0x00000000aaaa0000)
  eden space 49920K, 100% used [0x0000000080000000, 0x00000000830c0000, 0x00000000830c0000)
  from space 6208K,  57% used [0x00000000830c0000, 0x000000008343ec88, 0x00000000836d0000)
  to   space 6208K,   0% used [0x00000000836d0000, 0x00000000836d0000, 0x0000000083ce0000)
 tenured generation   total 124556K, used 108920K [0x00000000aaaa0000, 0x00000000b2443000, 0x0000000100000000)
   the space 124556K,  87% used [0x00000000aaaa0000, 0x00000000b14fe210, 0x00000000b14fe400, 0x00000000b2443000)
 Metaspace       used 1043K, capacity 4856K, committed 5120K, reserved 1056768K
  class space    used 71K, capacity 428K, committed 512K, reserved 1048576K
}
Event: 7.123 GC heap after
{Heap after GC invocations=32 (full 5):
 def new generation   total 56128K, used 3583K [0x0000000080000000, 0x0000000083ce0000, 0x00000000aaaa0000)
  eden space 49920K,   0% used [0x0000000080000000, 0x0000000080000000, 0x00000000830c0000)
  from space 6208K,  57% used [0x00000000836d0000, 0x0000000083a4fce8, 0x0000000083ce0000)
  to   space 6208K,   0% used [0x00000000830c0000, 0x00000000830c0000, 0x00000000836d0000)
 tenured generation   total 124556K, used 112498K [0x00000000aaaa0000, 0x00000000b2443000, 0x0000000100000000)
   the space 124556K,  90% used [0x00000000aaaa0000, 0x00000000b187cbe8, 0x00000000b187cc00, 0x00000000b2443000)
 Metaspace       used 1043K, capacity 4856K, committed 5120K, reserved 1056768K
  class space    used 71K, capacity 428K, committed 512K, reserved 1048576K
}
Event: 7.267 GC heap before
{Heap before GC invocations=32 (full 5):
 def new generation   total 56128K, used 53503K [0x0000000080000000, 0x0000000083ce0000, 0x00000000aaaa0000)
  eden space 49920K, 100% used [0x0000000080000000, 0x00000000830c0000, 0x00000000830c0000)
  from space 6208K,  57% used [0x00000000836d0000, 0x0000000083a4fce8, 0x0000000083ce0000)
  to   space 6208K,   0% used [0x00000000830c0000, 0x00000000830c0000, 0x00000000836d0000)
 tenured generation   total 124556K, used 112498K [0x00000000aaaa0000, 0x00000000b2443000, 0x0000000100000000)
   the space 124556K,  90% used [0x00000000aaaa0000, 0x00000000b187cbe8, 0x00000000b187cc00, 0x00000000b2443000)
 Metaspace       used 1043K, capacity 4856K, committed 5120K, reserved 1056768K
  class space    used 71K, capacity 428K, committed 512K, reserved 1048576K
}
Event: 7.546 GC heap after
{Heap after GC invocations=33 (full 5):
 def new generation   total 56128K, used 3153K [0x0000000080000000, 0x0000000083ce0000, 0x00000000aaaa0000)
  eden space 49920K,   0% used [0x0000000080000000, 0x0000000080000000, 0x00000000830c0000)
  from space 6208K,  50% used [0x00000000830c0000, 0x00000000833d44f0, 0x00000000836d0000)
  to   space 6208K,   0% used [0x00000000836d0000, 0x00000000836d0000, 0x0000000083ce0000)
 tenured generation   total 124556K, used 123204K [0x00000000aaaa0000, 0x00000000b2443000, 0x0000000100000000)
   the space 124556K,  98% used [0x00000000aaaa0000, 0x00000000b22f1088, 0x00000000b22f1200, 0x00000000b2443000)
 Metaspace       used 1043K, capacity 4856K, committed 5120K, reserved 1056768K
  class space    used 71K, capacity 428K, committed 512K, reserved 1048576K
}
Event: 11.442 GC heap before
{Heap before GC invocations=33 (full 5):
 def new generation   total 56128K, used 53073K [0x0000000080000000, 0x0000000083ce0000, 0x00000000aaaa0000)
  eden space 49920K, 100% used [0x0000000080000000, 0x00000000830c0000, 0x00000000830c0000)
  from space 6208K,  50% used [0x00000000830c0000, 0x00000000833d44f0, 0x00000000836d0000)
  to   space 6208K,   0% used [0x00000000836d0000, 0x00000000836d0000, 0x0000000083ce0000)
 tenured generation   total 124556K, used 123204K [0x00000000aaaa0000, 0x00000000b2443000, 0x0000000100000000)
   the space 124556K,  98% used [0x00000000aaaa0000, 0x00000000b22f1088, 0x00000000b22f1200, 0x00000000b2443000)
 Metaspace       used 1043K, capacity 4856K, committed 5120K, reserved 1056768K
  class space    used 71K, capacity 428K, committed 512K, reserved 1048576K
}

