# JRE version: OpenJDK Runtime Environment (11.0.11+9) (build 11.0.11+9-Ubuntu-0ubuntu2.18.04)
# Java VM: OpenJDK 64-Bit Server VM (11.0.11+9-Ubuntu-0ubuntu2.18.04, mixed mode, sharing, tiered, compressed oops, g1 gc, linux-amd64)
Heap:
 garbage-first heap   total 473088K, used 60712K [0x0000000080000000, 0x0000000100000000)
  region size 1024K, 6 young (6144K), 6 survivors (6144K)
 Metaspace       used 1029K, capacity 4856K, committed 5120K, reserved 1056768K
  class space    used 71K, capacity 428K, committed 512K, reserved 1048576K
GC Heap History (20 events):
Event: 0.918 GC heap after
{Heap after GC invocations=3 (full 0):
 garbage-first heap   total 32768K, used 10240K [0x0000000080000000, 0x0000000100000000)
  region size 1024K, 1 young (1024K), 1 survivors (1024K)
 Metaspace       used 923K, capacity 4856K, committed 5120K, reserved 1056768K
  class space    used 65K, capacity 428K, committed 512K, reserved 1048576K
}
Event: 0.955 GC heap before
{Heap before GC invocations=3 (full 0):
 garbage-first heap   total 32768K, used 15360K [0x0000000080000000, 0x0000000100000000)
  region size 1024K, 6 young (6144K), 1 survivors (1024K)
 Metaspace       used 924K, capacity 4856K, committed 5120K, reserved 1056768K
  class space    used 65K, capacity 428K, committed 512K, reserved 1048576K
}
Event: 0.994 GC heap after
{Heap after GC invocations=4 (full 0):
 garbage-first heap   total 32768K, used 13788K [0x0000000080000000, 0x0000000100000000)
  region size 1024K, 1 young (1024K), 1 survivors (1024K)
 Metaspace       used 924K, capacity 4856K, committed 5120K, reserved 1056768K
  class space    used 65K, capacity 428K, committed 512K, reserved 1048576K
}
Event: 1.056 GC heap before
{Heap before GC invocations=4 (full 0):
 garbage-first heap   total 32768K, used 17884K [0x0000000080000000, 0x0000000100000000)
  region size 1024K, 5 young (5120K), 1 survivors (1024K)
 Metaspace       used 936K, capacity 4856K, committed 5120K, reserved 1056768K
  class space    used 65K, capacity 428K, committed 512K, reserved 1048576K
}
Event: 1.072 GC heap after
{Heap after GC invocations=5 (full 0):
 garbage-first heap   total 67584K, used 17018K [0x0000000080000000, 0x0000000100000000)
  region size 1024K, 1 young (1024K), 1 survivors (1024K)
 Metaspace       used 936K, capacity 4856K, committed 5120K, reserved 1056768K
  class space    used 65K, capacity 428K, committed 512K, reserved 1048576K
}
Event: 1.364 GC heap before
{Heap before GC invocations=5 (full 0):
 garbage-first heap   total 67584K, used 31354K [0x0000000080000000, 0x0000000100000000)
  region size 1024K, 14 young (14336K), 1 survivors (1024K)
 Metaspace       used 947K, capacity 4856K, committed 5120K, reserved 1056768K
  class space    used 65K, capacity 428K, committed 512K, reserved 1048576K
}
Event: 1.469 GC heap after
{Heap after GC invocations=6 (full 0):
 garbage-first heap   total 67584K, used 27219K [0x0000000080000000, 0x0000000100000000)
  region size 1024K, 2 young (2048K), 2 survivors (2048K)
 Metaspace       used 947K, capacity 4856K, committed 5120K, reserved 1056768K
  class space    used 65K, capacity 428K, committed 512K, reserved 1048576K
}
Event: 1.520 GC heap before
{Heap before GC invocations=6 (full 0):
 garbage-first heap   total 67584K, used 37459K [0x0000000080000000, 0x0000000100000000)
  region size 1024K, 12 young (12288K), 2 survivors (2048K)
 Metaspace       used 957K, capacity 4856K, committed 5120K, reserved 1056768K
  class space    used 65K, capacity 428K, committed 512K, reserved 1048576K
}
Event: 1.556 GC heap after
{Heap after GC invocations=7 (full 0):
 garbage-first heap   total 67584K, used 35840K [0x0000000080000000, 0x0000000100000000)
  region size 1024K, 2 young (2048K), 2 survivors (2048K)
 Metaspace       used 957K, capacity 4856K, committed 5120K, reserved 1056768K
  class space    used 65K, capacity 428K, committed 512K, reserved 1048576K
}
Event: 1.596 GC heap before
{Heap before GC invocations=7 (full 0):
 garbage-first heap   total 67584K, used 44032K [0x0000000080000000, 0x0000000100000000)
  region size 1024K, 10 young (10240K), 2 survivors (2048K)
 Metaspace       used 959K, capacity 4856K, committed 5120K, reserved 1056768K
  class space    used 65K, capacity 428K, committed 512K, reserved 1048576K
}
Event: 1.655 GC heap after
{Heap after GC invocations=8 (full 0):
 garbage-first heap   total 67584K, used 43008K [0x0000000080000000, 0x0000000100000000)
  region size 1024K, 2 young (2048K), 2 survivors (2048K)
 Metaspace       used 959K, capacity 4856K, committed 5120K, reserved 1056768K
  class space    used 65K, capacity 428K, committed 512K, reserved 1048576K
}
Event: 1.691 GC heap before
{Heap before GC invocations=8 (full 0):
 garbage-first heap   total 67584K, used 49152K [0x0000000080000000, 0x0000000100000000)
  region size 1024K, 8 young (8192K), 2 survivors (2048K)
 Metaspace       used 960K, capacity 4856K, committed 5120K, reserved 1056768K
  class space    used 65K, capacity 428K, committed 512K, reserved 1048576K
}
Event: 1.739 GC heap after
{Heap after GC invocations=9 (full 0):
 garbage-first heap   total 200704K, used 48128K [0x0000000080000000, 0x0000000100000000)
  region size 1024K, 1 young (1024K), 1 survivors (1024K)
 Metaspace       used 960K, capacity 4856K, committed 5120K, reserved 1056768K
  class space    used 65K, capacity 428K, committed 512K, reserved 1048576K
}
Event: 2.267 GC heap before
{Heap before GC invocations=10 (full 0):
 garbage-first heap   total 200704K, used 63488K [0x0000000080000000, 0x0000000100000000)
  region size 1024K, 16 young (16384K), 1 survivors (1024K)
 Metaspace       used 1027K, capacity 4856K, committed 5120K, reserved 1056768K
  class space    used 71K, capacity 428K, committed 512K, reserved 1048576K
}
Event: 2.291 GC heap after
{Heap after GC invocations=11 (full 0):
 garbage-first heap   total 200704K, used 51599K [0x0000000080000000, 0x0000000100000000)
  region size 1024K, 2 young (2048K), 2 survivors (2048K)
 Metaspace       used 1027K, capacity 4856K, committed 5120K, reserved 1056768K
  class space    used 71K, capacity 428K, committed 512K, reserved 1048576K
}
Event: 2.506 GC heap before
{Heap before GC invocations=11 (full 0):
 garbage-first heap   total 200704K, used 75151K [0x0000000080000000, 0x0000000100000000)
  region size 1024K, 25 young (25600K), 2 survivors (2048K)
 Metaspace       used 1028K, capacity 4856K, committed 5120K, reserved 1056768K
  class space    used 71K, capacity 428K, committed 512K, reserved 1048576K
}
Event: 2.531 GC heap after
{Heap after GC invocations=12 (full 0):
 garbage-first heap   total 200704K, used 53828K [0x0000000080000000, 0x0000000100000000)
  region size 1024K, 4 young (4096K), 4 survivors (4096K)
 Metaspace       used 1028K, capacity 4856K, committed 5120K, reserved 1056768K
  class space    used 71K, capacity 428K, committed 512K, reserved 1048576K
}
Event: 2.834 GC heap before
{Heap before GC invocations=12 (full 0):
 garbage-first heap   total 200704K, used 88644K [0x0000000080000000, 0x0000000100000000)
  region size 1024K, 38 young (38912K), 4 survivors (4096K)
 Metaspace       used 1029K, capacity 4856K, committed 5120K, reserved 1056768K
  class space    used 71K, capacity 428K, committed 512K, reserved 1048576K
}
Event: 2.882 GC heap after
{Heap after GC invocations=13 (full 0):
 garbage-first heap   total 200704K, used 57023K [0x0000000080000000, 0x0000000100000000)
  region size 1024K, 5 young (5120K), 5 survivors (5120K)
 Metaspace       used 1029K, capacity 4856K, committed 5120K, reserved 1056768K
  class space    used 71K, capacity 428K, committed 512K, reserved 1048576K
}
Event: 3.287 GC heap before
{Heap before GC invocations=13 (full 0):
 garbage-first heap   total 200704K, used 104127K [0x0000000080000000, 0x0000000100000000)
  region size 1024K, 50 young (51200K), 5 survivors (5120K)
 Metaspace       used 1029K, capacity 4856K, committed 5120K, reserved 1056768K
  class space    used 71K, capacity 428K, committed 512K, reserved 1048576K
}

