# JRE version: OpenJDK Runtime Environment (11.0.7+10) (build 11.0.7+10-post-Ubuntu-2ubuntu218.04)
# Java VM: OpenJDK 64-Bit Server VM (11.0.7+10-post-Ubuntu-2ubuntu218.04, mixed mode, sharing, tiered, compressed oops, serial gc, linux-amd64)
Heap:
 def new generation   total 56000K, used 0K [0x0000000080000000, 0x0000000083cc0000, 0x00000000aaaa0000)
  eden space 49792K,   0% used [0x0000000080000000, 0x0000000080000000, 0x00000000830a0000)
  from space 6208K,   0% used [0x00000000836b0000, 0x00000000836b0000, 0x0000000083cc0000)
  to   space 6208K,   0% used [0x00000000830a0000, 0x00000000830a0000, 0x00000000836b0000)
 tenured generation   total 126068K, used 121700K [0x00000000aaaa0000, 0x00000000b25bd000, 0x0000000100000000)
   the space 126068K,  96% used [0x00000000aaaa0000, 0x00000000b2179050, 0x00000000b2179200, 0x00000000b25bd000)
 Metaspace       used 1041K, capacity 4856K, committed 5120K, reserved 1056768K
  class space    used 71K, capacity 428K, committed 512K, reserved 1048576K
GC Heap History (20 events):
Event: 6.333 GC heap after
{Heap after GC invocations=24 (full 5):
 def new generation   total 56000K, used 6208K [0x0000000080000000, 0x0000000083cc0000, 0x00000000aaaa0000)
  eden space 49792K,   0% used [0x0000000080000000, 0x0000000080000000, 0x00000000830a0000)
  from space 6208K, 100% used [0x00000000836b0000, 0x0000000083cc0000, 0x0000000083cc0000)
  to   space 6208K,   0% used [0x00000000830a0000, 0x00000000830a0000, 0x00000000836b0000)
 tenured generation   total 124340K, used 76578K [0x00000000aaaa0000, 0x00000000b240d000, 0x0000000100000000)
   the space 124340K,  61% used [0x00000000aaaa0000, 0x00000000af568ac0, 0x00000000af568c00, 0x00000000b240d000)
 Metaspace       used 1041K, capacity 4856K, committed 5120K, reserved 1056768K
  class space    used 71K, capacity 428K, committed 512K, reserved 1048576K
}
Event: 6.503 GC heap before
{Heap before GC invocations=24 (full 5):
 def new generation   total 56000K, used 56000K [0x0000000080000000, 0x0000000083cc0000, 0x00000000aaaa0000)
  eden space 49792K, 100% used [0x0000000080000000, 0x00000000830a0000, 0x00000000830a0000)
  from space 6208K, 100% used [0x00000000836b0000, 0x0000000083cc0000, 0x0000000083cc0000)
  to   space 6208K,   0% used [0x00000000830a0000, 0x00000000830a0000, 0x00000000836b0000)
 tenured generation   total 124340K, used 76578K [0x00000000aaaa0000, 0x00000000b240d000, 0x0000000100000000)
   the space 124340K,  61% used [0x00000000aaaa0000, 0x00000000af568ac0, 0x00000000af568c00, 0x00000000b240d000)
 Metaspace       used 1041K, capacity 4856K, committed 5120K, reserved 1056768K
  class space    used 71K, capacity 428K, committed 512K, reserved 1048576K
}
Event: 6.542 GC heap after
{Heap after GC invocations=25 (full 5):
 def new generation   total 56000K, used 3440K [0x0000000080000000, 0x0000000083cc0000, 0x00000000aaaa0000)
  eden space 49792K,   0% used [0x0000000080000000, 0x0000000080000000, 0x00000000830a0000)
  from space 6208K,  55% used [0x00000000830a0000, 0x00000000833fc030, 0x00000000836b0000)
  to   space 6208K,   0% used [0x00000000836b0000, 0x00000000836b0000, 0x0000000083cc0000)
 tenured generation   total 124340K, used 82786K [0x00000000aaaa0000, 0x00000000b240d000, 0x0000000100000000)
   the space 124340K,  66% used [0x00000000aaaa0000, 0x00000000afb78a40, 0x00000000afb78c00, 0x00000000b240d000)
 Metaspace       used 1041K, capacity 4856K, committed 5120K, reserved 1056768K
  class space    used 71K, capacity 428K, committed 512K, reserved 1048576K
}
Event: 6.691 GC heap before
{Heap before GC invocations=25 (full 5):
 def new generation   total 56000K, used 53232K [0x0000000080000000, 0x0000000083cc0000, 0x00000000aaaa0000)
  eden space 49792K, 100% used [0x0000000080000000, 0x00000000830a0000, 0x00000000830a0000)
  from space 6208K,  55% used [0x00000000830a0000, 0x00000000833fc030, 0x00000000836b0000)
  to   space 6208K,   0% used [0x00000000836b0000, 0x00000000836b0000, 0x0000000083cc0000)
 tenured generation   total 124340K, used 82786K [0x00000000aaaa0000, 0x00000000b240d000, 0x0000000100000000)
   the space 124340K,  66% used [0x00000000aaaa0000, 0x00000000afb78a40, 0x00000000afb78c00, 0x00000000b240d000)
 Metaspace       used 1041K, capacity 4856K, committed 5120K, reserved 1056768K
  class space    used 71K, capacity 428K, committed 512K, reserved 1048576K
}
Event: 6.712 GC heap after
{Heap after GC invocations=26 (full 5):
 def new generation   total 56000K, used 3566K [0x0000000080000000, 0x0000000083cc0000, 0x00000000aaaa0000)
  eden space 49792K,   0% used [0x0000000080000000, 0x0000000080000000, 0x00000000830a0000)
  from space 6208K,  57% used [0x00000000836b0000, 0x0000000083a2b970, 0x0000000083cc0000)
  to   space 6208K,   0% used [0x00000000830a0000, 0x00000000830a0000, 0x00000000836b0000)
 tenured generation   total 124340K, used 86226K [0x00000000aaaa0000, 0x00000000b240d000, 0x0000000100000000)
   the space 124340K,  69% used [0x00000000aaaa0000, 0x00000000afed48a8, 0x00000000afed4a00, 0x00000000b240d000)
 Metaspace       used 1041K, capacity 4856K, committed 5120K, reserved 1056768K
  class space    used 71K, capacity 428K, committed 512K, reserved 1048576K
}
Event: 6.871 GC heap before
{Heap before GC invocations=26 (full 5):
 def new generation   total 56000K, used 53358K [0x0000000080000000, 0x0000000083cc0000, 0x00000000aaaa0000)
  eden space 49792K, 100% used [0x0000000080000000, 0x00000000830a0000, 0x00000000830a0000)
  from space 6208K,  57% used [0x00000000836b0000, 0x0000000083a2b970, 0x0000000083cc0000)
  to   space 6208K,   0% used [0x00000000830a0000, 0x00000000830a0000, 0x00000000836b0000)
 tenured generation   total 124340K, used 86226K [0x00000000aaaa0000, 0x00000000b240d000, 0x0000000100000000)
   the space 124340K,  69% used [0x00000000aaaa0000, 0x00000000afed48a8, 0x00000000afed4a00, 0x00000000b240d000)
 Metaspace       used 1041K, capacity 4856K, committed 5120K, reserved 1056768K
  class space    used 71K, capacity 428K, committed 512K, reserved 1048576K
}
Event: 6.892 GC heap after
{Heap after GC invocations=27 (full 5):
 def new generation   total 56000K, used 3523K [0x0000000080000000, 0x0000000083cc0000, 0x00000000aaaa0000)
  eden space 49792K,   0% used [0x0000000080000000, 0x0000000080000000, 0x00000000830a0000)
  from space 6208K,  56% used [0x00000000830a0000, 0x0000000083410fc0, 0x00000000836b0000)
  to   space 6208K,   0% used [0x00000000836b0000, 0x00000000836b0000, 0x0000000083cc0000)
 tenured generation   total 124340K, used 89792K [0x00000000aaaa0000, 0x00000000b240d000, 0x0000000100000000)
   the space 124340K,  72% used [0x00000000aaaa0000, 0x00000000b0250140, 0x00000000b0250200, 0x00000000b240d000)
 Metaspace       used 1041K, capacity 4856K, committed 5120K, reserved 1056768K
  class space    used 71K, capacity 428K, committed 512K, reserved 1048576K
}
Event: 7.027 GC heap before
{Heap before GC invocations=27 (full 5):
 def new generation   total 56000K, used 53315K [0x0000000080000000, 0x0000000083cc0000, 0x00000000aaaa0000)
  eden space 49792K, 100% used [0x0000000080000000, 0x00000000830a0000, 0x00000000830a0000)
  from space 6208K,  56% used [0x00000000830a0000, 0x0000000083410fc0, 0x00000000836b0000)
  to   space 6208K,   0% used [0x00000000836b0000, 0x00000000836b0000, 0x0000000083cc0000)
 tenured generation   total 124340K, used 89792K [0x00000000aaaa0000, 0x00000000b240d000, 0x0000000100000000)
   the space 124340K,  72% used [0x00000000aaaa0000, 0x00000000b0250140, 0x00000000b0250200, 0x00000000b240d000)
 Metaspace       used 1041K, capacity 4856K, committed 5120K, reserved 1056768K
  class space    used 71K, capacity 428K, committed 512K, reserved 1048576K
}
Event: 7.056 GC heap after
{Heap after GC invocations=28 (full 5):
 def new generation   total 56000K, used 6208K [0x0000000080000000, 0x0000000083cc0000, 0x00000000aaaa0000)
  eden space 49792K,   0% used [0x0000000080000000, 0x0000000080000000, 0x00000000830a0000)
  from space 6208K, 100% used [0x00000000836b0000, 0x0000000083cc0000, 0x0000000083cc0000)
  to   space 6208K,   0% used [0x00000000830a0000, 0x00000000830a0000, 0x00000000836b0000)
 tenured generation   total 124340K, used 95301K [0x00000000aaaa0000, 0x00000000b240d000, 0x0000000100000000)
   the space 124340K,  76% used [0x00000000aaaa0000, 0x00000000b07b1718, 0x00000000b07b1800, 0x00000000b240d000)
 Metaspace       used 1041K, capacity 4856K, committed 5120K, reserved 1056768K
  class space    used 71K, capacity 428K, committed 512K, reserved 1048576K
}
Event: 7.191 GC heap before
{Heap before GC invocations=28 (full 5):
 def new generation   total 56000K, used 56000K [0x0000000080000000, 0x0000000083cc0000, 0x00000000aaaa0000)
  eden space 49792K, 100% used [0x0000000080000000, 0x00000000830a0000, 0x00000000830a0000)
  from space 6208K, 100% used [0x00000000836b0000, 0x0000000083cc0000, 0x0000000083cc0000)
  to   space 6208K,   0% used [0x00000000830a0000, 0x00000000830a0000, 0x00000000836b0000)
 tenured generation   total 124340K, used 95301K [0x00000000aaaa0000, 0x00000000b240d000, 0x0000000100000000)
   the space 124340K,  76% used [0x00000000aaaa0000, 0x00000000b07b1718, 0x00000000b07b1800, 0x00000000b240d000)
 Metaspace       used 1041K, capacity 4856K, committed 5120K, reserved 1056768K
  class space    used 71K, capacity 428K, committed 512K, reserved 1048576K
}
Event: 7.223 GC heap after
{Heap after GC invocations=29 (full 5):
 def new generation   total 56000K, used 3491K [0x0000000080000000, 0x0000000083cc0000, 0x00000000aaaa0000)
  eden space 49792K,   0% used [0x0000000080000000, 0x0000000080000000, 0x00000000830a0000)
  from space 6208K,  56% used [0x00000000830a0000, 0x0000000083408dc0, 0x00000000836b0000)
  to   space 6208K,   0% used [0x00000000836b0000, 0x00000000836b0000, 0x0000000083cc0000)
 tenured generation   total 124340K, used 101509K [0x00000000aaaa0000, 0x00000000b240d000, 0x0000000100000000)
   the space 124340K,  81% used [0x00000000aaaa0000, 0x00000000b0dc1698, 0x00000000b0dc1800, 0x00000000b240d000)
 Metaspace       used 1041K, capacity 4856K, committed 5120K, reserved 1056768K
  class space    used 71K, capacity 428K, committed 512K, reserved 1048576K
}
Event: 7.378 GC heap before
{Heap before GC invocations=29 (full 5):
 def new generation   total 56000K, used 53283K [0x0000000080000000, 0x0000000083cc0000, 0x00000000aaaa0000)
  eden space 49792K, 100% used [0x0000000080000000, 0x00000000830a0000, 0x00000000830a0000)
  from space 6208K,  56% used [0x00000000830a0000, 0x0000000083408dc0, 0x00000000836b0000)
  to   space 6208K,   0% used [0x00000000836b0000, 0x00000000836b0000, 0x0000000083cc0000)
 tenured generation   total 124340K, used 101509K [0x00000000aaaa0000, 0x00000000b240d000, 0x0000000100000000)
   the space 124340K,  81% used [0x00000000aaaa0000, 0x00000000b0dc1698, 0x00000000b0dc1800, 0x00000000b240d000)
 Metaspace       used 1041K, capacity 4856K, committed 5120K, reserved 1056768K
  class space    used 71K, capacity 428K, committed 512K, reserved 1048576K
}
Event: 7.406 GC heap after
{Heap after GC invocations=30 (full 5):
 def new generation   total 56000K, used 3656K [0x0000000080000000, 0x0000000083cc0000, 0x00000000aaaa0000)
  eden space 49792K,   0% used [0x0000000080000000, 0x0000000080000000, 0x00000000830a0000)
  from space 6208K,  58% used [0x00000000836b0000, 0x0000000083a420a0, 0x0000000083cc0000)
  to   space 6208K,   0% used [0x00000000830a0000, 0x00000000830a0000, 0x00000000836b0000)
 tenured generation   total 124340K, used 105000K [0x00000000aaaa0000, 0x00000000b240d000, 0x0000000100000000)
   the space 124340K,  84% used [0x00000000aaaa0000, 0x00000000b112a308, 0x00000000b112a400, 0x00000000b240d000)
 Metaspace       used 1041K, capacity 4856K, committed 5120K, reserved 1056768K
  class space    used 71K, capacity 428K, committed 512K, reserved 1048576K
}
Event: 7.547 GC heap before
{Heap before GC invocations=30 (full 5):
 def new generation   total 56000K, used 53448K [0x0000000080000000, 0x0000000083cc0000, 0x00000000aaaa0000)
  eden space 49792K, 100% used [0x0000000080000000, 0x00000000830a0000, 0x00000000830a0000)
  from space 6208K,  58% used [0x00000000836b0000, 0x0000000083a420a0, 0x0000000083cc0000)
  to   space 6208K,   0% used [0x00000000830a0000, 0x00000000830a0000, 0x00000000836b0000)
 tenured generation   total 124340K, used 105000K [0x00000000aaaa0000, 0x00000000b240d000, 0x0000000100000000)
   the space 124340K,  84% used [0x00000000aaaa0000, 0x00000000b112a308, 0x00000000b112a400, 0x00000000b240d000)
 Metaspace       used 1041K, capacity 4856K, committed 5120K, reserved 1056768K
  class space    used 71K, capacity 428K, committed 512K, reserved 1048576K
}
Event: 7.575 GC heap after
{Heap after GC invocations=31 (full 5):
 def new generation   total 56000K, used 3559K [0x0000000080000000, 0x0000000083cc0000, 0x00000000aaaa0000)
  eden space 49792K,   0% used [0x0000000080000000, 0x0000000080000000, 0x00000000830a0000)
  from space 6208K,  57% used [0x00000000830a0000, 0x0000000083419f70, 0x00000000836b0000)
  to   space 6208K,   0% used [0x00000000836b0000, 0x00000000836b0000, 0x0000000083cc0000)
 tenured generation   total 124340K, used 108656K [0x00000000aaaa0000, 0x00000000b240d000, 0x0000000100000000)
   the space 124340K,  87% used [0x00000000aaaa0000, 0x00000000b14bc248, 0x00000000b14bc400, 0x00000000b240d000)
 Metaspace       used 1041K, capacity 4856K, committed 5120K, reserved 1056768K
  class space    used 71K, capacity 428K, committed 512K, reserved 1048576K
}
Event: 7.712 GC heap before
{Heap before GC invocations=31 (full 5):
 def new generation   total 56000K, used 53351K [0x0000000080000000, 0x0000000083cc0000, 0x00000000aaaa0000)
  eden space 49792K, 100% used [0x0000000080000000, 0x00000000830a0000, 0x00000000830a0000)
  from space 6208K,  57% used [0x00000000830a0000, 0x0000000083419f70, 0x00000000836b0000)
  to   space 6208K,   0% used [0x00000000836b0000, 0x00000000836b0000, 0x0000000083cc0000)
 tenured generation   total 124340K, used 108656K [0x00000000aaaa0000, 0x00000000b240d000, 0x0000000100000000)
   the space 124340K,  87% used [0x00000000aaaa0000, 0x00000000b14bc248, 0x00000000b14bc400, 0x00000000b240d000)
 Metaspace       used 1041K, capacity 4856K, committed 5120K, reserved 1056768K
  class space    used 71K, capacity 428K, committed 512K, reserved 1048576K
}
Event: 7.738 GC heap after
{Heap after GC invocations=32 (full 5):
 def new generation   total 56000K, used 3591K [0x0000000080000000, 0x0000000083cc0000, 0x00000000aaaa0000)
  eden space 49792K,   0% used [0x0000000080000000, 0x0000000080000000, 0x00000000830a0000)
  from space 6208K,  57% used [0x00000000836b0000, 0x0000000083a31cf0, 0x0000000083cc0000)
  to   space 6208K,   0% used [0x00000000830a0000, 0x00000000830a0000, 0x00000000836b0000)
 tenured generation   total 124340K, used 112216K [0x00000000aaaa0000, 0x00000000b240d000, 0x0000000100000000)
   the space 124340K,  90% used [0x00000000aaaa0000, 0x00000000b1836100, 0x00000000b1836200, 0x00000000b240d000)
 Metaspace       used 1041K, capacity 4856K, committed 5120K, reserved 1056768K
  class space    used 71K, capacity 428K, committed 512K, reserved 1048576K
}
Event: 7.874 GC heap before
{Heap before GC invocations=32 (full 5):
 def new generation   total 56000K, used 53383K [0x0000000080000000, 0x0000000083cc0000, 0x00000000aaaa0000)
  eden space 49792K, 100% used [0x0000000080000000, 0x00000000830a0000, 0x00000000830a0000)
  from space 6208K,  57% used [0x00000000836b0000, 0x0000000083a31cf0, 0x0000000083cc0000)
  to   space 6208K,   0% used [0x00000000830a0000, 0x00000000830a0000, 0x00000000836b0000)
 tenured generation   total 124340K, used 112216K [0x00000000aaaa0000, 0x00000000b240d000, 0x0000000100000000)
   the space 124340K,  90% used [0x00000000aaaa0000, 0x00000000b1836100, 0x00000000b1836200, 0x00000000b240d000)
 Metaspace       used 1041K, capacity 4856K, committed 5120K, reserved 1056768K
  class space    used 71K, capacity 428K, committed 512K, reserved 1048576K
}
Event: 7.990 GC heap after
{Heap after GC invocations=33 (full 5):
 def new generation   total 56000K, used 3120K [0x0000000080000000, 0x0000000083cc0000, 0x00000000aaaa0000)
  eden space 49792K,   0% used [0x0000000080000000, 0x0000000080000000, 0x00000000830a0000)
  from space 6208K,  50% used [0x00000000830a0000, 0x00000000833ac020, 0x00000000836b0000)
  to   space 6208K,   0% used [0x00000000836b0000, 0x00000000836b0000, 0x0000000083cc0000)
 tenured generation   total 124340K, used 122929K [0x00000000aaaa0000, 0x00000000b240d000, 0x0000000100000000)
   the space 124340K,  98% used [0x00000000aaaa0000, 0x00000000b22ac530, 0x00000000b22ac600, 0x00000000b240d000)
 Metaspace       used 1041K, capacity 4856K, committed 5120K, reserved 1056768K
  class space    used 71K, capacity 428K, committed 512K, reserved 1048576K
}
Event: 8.379 GC heap before
{Heap before GC invocations=33 (full 5):
 def new generation   total 56000K, used 52912K [0x0000000080000000, 0x0000000083cc0000, 0x00000000aaaa0000)
  eden space 49792K, 100% used [0x0000000080000000, 0x00000000830a0000, 0x00000000830a0000)
  from space 6208K,  50% used [0x00000000830a0000, 0x00000000833ac020, 0x00000000836b0000)
  to   space 6208K,   0% used [0x00000000836b0000, 0x00000000836b0000, 0x0000000083cc0000)
 tenured generation   total 124340K, used 122929K [0x00000000aaaa0000, 0x00000000b240d000, 0x0000000100000000)
   the space 124340K,  98% used [0x00000000aaaa0000, 0x00000000b22ac530, 0x00000000b22ac600, 0x00000000b240d000)
 Metaspace       used 1041K, capacity 4856K, committed 5120K, reserved 1056768K
  class space    used 71K, capacity 428K, committed 512K, reserved 1048576K
}

