# JRE version: OpenJDK Runtime Environment (11.0.11+9) (build 11.0.11+9-Ubuntu-0ubuntu2.18.04)
# Java VM: OpenJDK 64-Bit Server VM (11.0.11+9-Ubuntu-0ubuntu2.18.04, mixed mode, sharing, tiered, compressed oops, g1 gc, linux-amd64)
Heap:
 garbage-first heap   total 416768K, used 59663K [0x0000000080000000, 0x0000000100000000)
  region size 1024K, 6 young (6144K), 6 survivors (6144K)
 Metaspace       used 1038K, capacity 4856K, committed 5120K, reserved 1056768K
  class space    used 71K, capacity 428K, committed 512K, reserved 1048576K
GC Heap History (20 events):
Event: 0.880 GC heap after
{Heap after GC invocations=3 (full 0):
 garbage-first heap   total 32768K, used 9216K [0x0000000080000000, 0x0000000100000000)
  region size 1024K, 1 young (1024K), 1 survivors (1024K)
 Metaspace       used 934K, capacity 4856K, committed 5120K, reserved 1056768K
  class space    used 65K, capacity 428K, committed 512K, reserved 1048576K
}
Event: 0.928 GC heap before
{Heap before GC invocations=3 (full 0):
 garbage-first heap   total 32768K, used 15360K [0x0000000080000000, 0x0000000100000000)
  region size 1024K, 7 young (7168K), 1 survivors (1024K)
 Metaspace       used 947K, capacity 4856K, committed 5120K, reserved 1056768K
  class space    used 65K, capacity 428K, committed 512K, reserved 1048576K
}
Event: 0.948 GC heap after
{Heap after GC invocations=4 (full 0):
 garbage-first heap   total 32768K, used 13666K [0x0000000080000000, 0x0000000100000000)
  region size 1024K, 1 young (1024K), 1 survivors (1024K)
 Metaspace       used 947K, capacity 4856K, committed 5120K, reserved 1056768K
  class space    used 65K, capacity 428K, committed 512K, reserved 1048576K
}
Event: 1.000 GC heap before
{Heap before GC invocations=4 (full 0):
 garbage-first heap   total 32768K, used 17762K [0x0000000080000000, 0x0000000100000000)
  region size 1024K, 5 young (5120K), 1 survivors (1024K)
 Metaspace       used 954K, capacity 4856K, committed 5120K, reserved 1056768K
  class space    used 65K, capacity 428K, committed 512K, reserved 1048576K
}
Event: 1.016 GC heap after
{Heap after GC invocations=5 (full 0):
 garbage-first heap   total 60416K, used 17078K [0x0000000080000000, 0x0000000100000000)
  region size 1024K, 1 young (1024K), 1 survivors (1024K)
 Metaspace       used 954K, capacity 4856K, committed 5120K, reserved 1056768K
  class space    used 65K, capacity 428K, committed 512K, reserved 1048576K
}
Event: 1.208 GC heap before
{Heap before GC invocations=5 (full 0):
 garbage-first heap   total 60416K, used 30390K [0x0000000080000000, 0x0000000100000000)
  region size 1024K, 13 young (13312K), 1 survivors (1024K)
 Metaspace       used 961K, capacity 4856K, committed 5120K, reserved 1056768K
  class space    used 65K, capacity 428K, committed 512K, reserved 1048576K
}
Event: 1.272 GC heap after
{Heap after GC invocations=6 (full 0):
 garbage-first heap   total 60416K, used 26518K [0x0000000080000000, 0x0000000100000000)
  region size 1024K, 2 young (2048K), 2 survivors (2048K)
 Metaspace       used 961K, capacity 4856K, committed 5120K, reserved 1056768K
  class space    used 65K, capacity 428K, committed 512K, reserved 1048576K
}
Event: 1.324 GC heap before
{Heap before GC invocations=6 (full 0):
 garbage-first heap   total 60416K, used 35734K [0x0000000080000000, 0x0000000100000000)
  region size 1024K, 11 young (11264K), 2 survivors (2048K)
 Metaspace       used 969K, capacity 4856K, committed 5120K, reserved 1056768K
  class space    used 65K, capacity 428K, committed 512K, reserved 1048576K
}
Event: 1.356 GC heap after
{Heap after GC invocations=7 (full 0):
 garbage-first heap   total 60416K, used 33792K [0x0000000080000000, 0x0000000100000000)
  region size 1024K, 2 young (2048K), 2 survivors (2048K)
 Metaspace       used 969K, capacity 4856K, committed 5120K, reserved 1056768K
  class space    used 65K, capacity 428K, committed 512K, reserved 1048576K
}
Event: 1.382 GC heap before
{Heap before GC invocations=7 (full 0):
 garbage-first heap   total 60416K, used 40960K [0x0000000080000000, 0x0000000100000000)
  region size 1024K, 9 young (9216K), 2 survivors (2048K)
 Metaspace       used 969K, capacity 4856K, committed 5120K, reserved 1056768K
  class space    used 65K, capacity 428K, committed 512K, reserved 1048576K
}
Event: 1.439 GC heap after
{Heap after GC invocations=8 (full 0):
 garbage-first heap   total 60416K, used 39424K [0x0000000080000000, 0x0000000100000000)
  region size 1024K, 2 young (2048K), 2 survivors (2048K)
 Metaspace       used 969K, capacity 4856K, committed 5120K, reserved 1056768K
  class space    used 65K, capacity 428K, committed 512K, reserved 1048576K
}
Event: 1.543 GC heap before
{Heap before GC invocations=8 (full 0):
 garbage-first heap   total 60416K, used 44544K [0x0000000080000000, 0x0000000100000000)
  region size 1024K, 7 young (7168K), 2 survivors (2048K)
 Metaspace       used 970K, capacity 4856K, committed 5120K, reserved 1056768K
  class space    used 65K, capacity 428K, committed 512K, reserved 1048576K
}
Event: 1.589 GC heap after
{Heap after GC invocations=9 (full 0):
 garbage-first heap   total 168960K, used 43520K [0x0000000080000000, 0x0000000100000000)
  region size 1024K, 1 young (1024K), 1 survivors (1024K)
 Metaspace       used 970K, capacity 4856K, committed 5120K, reserved 1056768K
  class space    used 65K, capacity 428K, committed 512K, reserved 1048576K
}
Event: 2.108 GC heap before
{Heap before GC invocations=10 (full 0):
 garbage-first heap   total 168960K, used 60928K [0x0000000080000000, 0x0000000100000000)
  region size 1024K, 18 young (18432K), 1 survivors (1024K)
 Metaspace       used 1031K, capacity 4856K, committed 5120K, reserved 1056768K
  class space    used 71K, capacity 428K, committed 512K, reserved 1048576K
}
Event: 2.152 GC heap after
{Heap after GC invocations=11 (full 0):
 garbage-first heap   total 168960K, used 51120K [0x0000000080000000, 0x0000000100000000)
  region size 1024K, 3 young (3072K), 3 survivors (3072K)
 Metaspace       used 1031K, capacity 4856K, committed 5120K, reserved 1056768K
  class space    used 71K, capacity 428K, committed 512K, reserved 1048576K
}
Event: 2.347 GC heap before
{Heap before GC invocations=11 (full 0):
 garbage-first heap   total 168960K, used 72624K [0x0000000080000000, 0x0000000100000000)
  region size 1024K, 24 young (24576K), 3 survivors (3072K)
 Metaspace       used 1037K, capacity 4856K, committed 5120K, reserved 1056768K
  class space    used 71K, capacity 428K, committed 512K, reserved 1048576K
}
Event: 2.374 GC heap after
{Heap after GC invocations=12 (full 0):
 garbage-first heap   total 168960K, used 53495K [0x0000000080000000, 0x0000000100000000)
  region size 1024K, 2 young (2048K), 2 survivors (2048K)
 Metaspace       used 1037K, capacity 4856K, committed 5120K, reserved 1056768K
  class space    used 71K, capacity 428K, committed 512K, reserved 1048576K
}
Event: 2.587 GC heap before
{Heap before GC invocations=12 (full 0):
 garbage-first heap   total 168960K, used 84215K [0x0000000080000000, 0x0000000100000000)
  region size 1024K, 32 young (32768K), 2 survivors (2048K)
 Metaspace       used 1038K, capacity 4856K, committed 5120K, reserved 1056768K
  class space    used 71K, capacity 428K, committed 512K, reserved 1048576K
}
Event: 2.613 GC heap after
{Heap after GC invocations=13 (full 0):
 garbage-first heap   total 168960K, used 55886K [0x0000000080000000, 0x0000000100000000)
  region size 1024K, 4 young (4096K), 4 survivors (4096K)
 Metaspace       used 1038K, capacity 4856K, committed 5120K, reserved 1056768K
  class space    used 71K, capacity 428K, committed 512K, reserved 1048576K
}
Event: 2.877 GC heap before
{Heap before GC invocations=13 (full 0):
 garbage-first heap   total 168960K, used 97870K [0x0000000080000000, 0x0000000100000000)
  region size 1024K, 44 young (45056K), 4 survivors (4096K)
 Metaspace       used 1038K, capacity 4856K, committed 5120K, reserved 1056768K
  class space    used 71K, capacity 428K, committed 512K, reserved 1048576K
}

